<?xml version="1.0" encoding="UTF-8"?>
<!-- Generated by org.testng.reporters.JUnitReportReporter -->
<testsuite hostname="DESKTOP-MO9OVGV" failures="0" tests="7" name="come.qa.testcases.AssignmentOneTest" time="40.277" errors="0" timestamp="2022-12-25T19:57:05 IST" skipped="0">
  <testcase classname="come.qa.testcases.AssignmentOneTest" name="verifyTitleContainsTest" time="5.276"/>
  <system-out/>
  <testcase classname="come.qa.testcases.AssignmentOneTest" name="verifyURLEndsWithTest" time="5.187"/>
  <system-out/>
  <testcase classname="come.qa.testcases.AssignmentOneTest" name="verifyURLContainsTest" time="5.411"/>
  <system-out/>
  <testcase classname="come.qa.testcases.AssignmentOneTest" name="verifySiteLogoTest" time="6.588"/>
  <system-out/>
  <testcase classname="come.qa.testcases.AssignmentOneTest" name="verifySocialLinksTest" time="5.924"/>
  <system-out/>
  <testcase classname="come.qa.testcases.AssignmentOneTest" name="verifySocialLinksWithMAPTest" time="5.635"/>
  <system-out/>
  <testcase classname="come.qa.testcases.AssignmentOneTest" name="verifyYTlinkExistTest" time="6.256"/>
  <system-out/>
</testsuite> <!-- come.qa.testcases.AssignmentOneTest -->
