<?xml version="1.0" encoding="UTF-8"?>
<!-- Generated by org.testng.reporters.JUnitReportReporter -->
<testsuite hostname="DESKTOP-MO9OVGV" failures="0" tests="1" name="come.qa.testcases.BrokenLinksGenericTest" time="20.355" errors="0" timestamp="2022-12-28T23:26:52 IST" skipped="0">
  <testcase classname="come.qa.testcases.BrokenLinksGenericTest" name="uploadFileTest" time="20.355"/>
  <system-out/>
</testsuite> <!-- come.qa.testcases.BrokenLinksGenericTest -->
