<?xml version="1.0" encoding="UTF-8"?>
<!-- Generated by org.testng.reporters.JUnitReportReporter -->
<testsuite hostname="DESKTOP-MO9OVGV" failures="0" tests="1" name="come.qa.testcases.TaskFiveTest" time="7.409" errors="0" timestamp="18 Dec 2022 13:46:59 GMT" skipped="0">
  <testcase classname="come.qa.testcases.TaskFiveTest" name="verifyYTlinkExistTest" time="7.409"/>
</testsuite> <!-- come.qa.testcases.TaskFiveTest -->
