<?xml version="1.0" encoding="UTF-8"?>
<!-- Generated by org.testng.reporters.JUnitReportReporter -->
<testsuite hostname="DESKTOP-MO9OVGV" failures="0" tests="1" name="come.qa.testcases.AssignmentOneTest" time="7.456" errors="0" timestamp="2023-01-21T00:30:31 IST" skipped="0">
  <testcase classname="come.qa.testcases.AssignmentOneTest" name="verifySiteLogoTest" time="7.456"/>
  <system-out/>
</testsuite> <!-- come.qa.testcases.AssignmentOneTest -->
