<?xml version="1.0" encoding="UTF-8"?>
<!-- Generated by org.testng.reporters.JUnitReportReporter -->
<testsuite hostname="DESKTOP-MO9OVGV" failures="0" tests="17" name="come.qa.testcases.FirstTest" time="181.795" errors="0" timestamp="2023-02-08T09:30:41 IST" skipped="0">
  <testcase classname="come.qa.testcases.FirstTest" name="verifyTitleContainsTest" time="2.046"/>
  <system-out/>
  <testcase classname="come.qa.testcases.FirstTest" name="verifyUserLandToLoginPageTest" time="7.010"/>
  <system-out/>
  <testcase classname="come.qa.testcases.FirstTest" name="verifyUserLandToLoginPageTest" time="7.504"/>
  <system-out/>
  <testcase classname="come.qa.testcases.FirstTest" name="verifyUserLandToLoginPageTest" time="7.056"/>
  <system-out/>
  <testcase classname="come.qa.testcases.FirstTest" name="verifyUserLandToLoginPageTest" time="7.234"/>
  <system-out/>
  <testcase classname="come.qa.testcases.FirstTest" name="verifyUserLandToLoginPageTest" time="7.824"/>
  <system-out/>
  <testcase classname="come.qa.testcases.FirstTest" name="addCourseTest" time="12.262"/>
  <system-out/>
  <testcase classname="come.qa.testcases.FirstTest" name="addCourseTest" time="12.202"/>
  <system-out/>
  <testcase classname="come.qa.testcases.FirstTest" name="addCourseTest" time="11.483"/>
  <system-out/>
  <testcase classname="come.qa.testcases.FirstTest" name="addCourseTest" time="11.656"/>
  <system-out/>
  <testcase classname="come.qa.testcases.FirstTest" name="addCourseTest" time="13.271"/>
  <system-out/>
  <testcase classname="come.qa.testcases.FirstTest" name="deleteCourseTest" time="14.377"/>
  <system-out/>
  <testcase classname="come.qa.testcases.FirstTest" name="deleteCourseTest" time="14.131"/>
  <system-out/>
  <testcase classname="come.qa.testcases.FirstTest" name="deleteCourseTest" time="14.323"/>
  <system-out/>
  <testcase classname="come.qa.testcases.FirstTest" name="deleteCourseTest" time="14.011"/>
  <system-out/>
  <testcase classname="come.qa.testcases.FirstTest" name="deleteCourseTest" time="14.348"/>
  <system-out/>
  <testcase classname="come.qa.testcases.FirstTest" name="signOutTest" time="11.057"/>
  <system-out/>
</testsuite> <!-- come.qa.testcases.FirstTest -->
