<?xml version="1.0" encoding="UTF-8"?>
<!-- Generated by org.testng.reporters.JUnitReportReporter -->
<testsuite hostname="DESKTOP-MO9OVGV" failures="0" tests="1" name="come.qa.testcases.AssignmentOneTest" time="22.846" errors="0" timestamp="20 Dec 2022 17:58:18 GMT" skipped="0">
  <testcase classname="come.qa.testcases.AssignmentOneTest" name="verifySocialLinksWithMAPTest" time="22.846"/>
</testsuite> <!-- come.qa.testcases.AssignmentOneTest -->
