<?xml version="1.0" encoding="UTF-8"?>
<!-- Generated by org.testng.reporters.JUnitReportReporter -->
<testsuite hostname="DESKTOP-MO9OVGV" failures="0" tests="1" name="come.qa.testcases.AssignmentThreeTest" time="16.962" errors="0" timestamp="2023-01-02T20:41:22 IST" skipped="0">
  <testcase classname="come.qa.testcases.AssignmentThreeTest" name="empNameDDlistTest" time="16.962"/>
  <system-out/>
</testsuite> <!-- come.qa.testcases.AssignmentThreeTest -->
