<?xml version="1.0" encoding="UTF-8"?>
<!-- Generated by org.testng.reporters.JUnitReportReporter -->
<testsuite hostname="DESKTOP-MO9OVGV" failures="0" tests="1" name="come.qa.testcases.ScrollWithInElementTest" time="22.677" errors="0" timestamp="2022-12-30T20:00:34 IST" skipped="0">
  <testcase classname="come.qa.testcases.ScrollWithInElementTest" name="verifyH2textTest" time="22.677"/>
  <system-out/>
</testsuite> <!-- come.qa.testcases.ScrollWithInElementTest -->
