<?xml version="1.0" encoding="UTF-8"?>
<!-- Generated by org.testng.reporters.JUnitReportReporter -->
<testsuite hostname="DESKTOP-MO9OVGV" failures="0" tests="1" name="come.qa.testcases.UploadFileTest" time="14.504" errors="0" timestamp="2022-12-26T17:53:42 IST" skipped="0">
  <testcase classname="come.qa.testcases.UploadFileTest" name="uploadFileTest" time="14.504"/>
  <system-out/>
</testsuite> <!-- come.qa.testcases.UploadFileTest -->
