<?xml version="1.0" encoding="UTF-8"?>
<!-- Generated by org.testng.reporters.JUnitReportReporter -->
<testsuite hostname="DESKTOP-MO9OVGV" failures="0" tests="1" name="come.qa.testcases.SwitchToWindowsTest" time="17.421" errors="0" timestamp="2023-01-10T19:35:20 IST" skipped="0">
  <testcase classname="come.qa.testcases.SwitchToWindowsTest" name="Test1" time="17.421"/>
  <system-out/>
</testsuite> <!-- come.qa.testcases.SwitchToWindowsTest -->
