<?xml version="1.0" encoding="UTF-8"?>
<!-- Generated by org.testng.reporters.JUnitReportReporter -->
<testsuite hostname="DESKTOP-MO9OVGV" failures="0" tests="5" name="come.qa.testcases.DataProviderSeleniumTest" time="26.331" errors="0" timestamp="2023-02-14T11:32:41 IST" skipped="0">
  <testcase classname="come.qa.testcases.DataProviderSeleniumTest" name="test1" time="6.134"/>
  <system-out/>
  <testcase classname="come.qa.testcases.DataProviderSeleniumTest" name="test1" time="5.223"/>
  <system-out/>
  <testcase classname="come.qa.testcases.DataProviderSeleniumTest" name="test1" time="4.329"/>
  <system-out/>
  <testcase classname="come.qa.testcases.DataProviderSeleniumTest" name="test1" time="4.163"/>
  <system-out/>
  <testcase classname="come.qa.testcases.DataProviderSeleniumTest" name="test1" time="6.482"/>
  <system-out/>
</testsuite> <!-- come.qa.testcases.DataProviderSeleniumTest -->
