<?xml version="1.0" encoding="UTF-8"?>
<!-- Generated by org.testng.reporters.JUnitReportReporter -->
<testsuite hostname="DESKTOP-MO9OVGV" failures="0" tests="1" name="come.qa.testcases.TaskTwoTest" time="8.903" errors="0" timestamp="18 Dec 2022 13:15:20 GMT" skipped="0">
  <testcase classname="come.qa.testcases.TaskTwoTest" name="verifySiteLogoTest" time="8.903"/>
</testsuite> <!-- come.qa.testcases.TaskTwoTest -->
