<?xml version="1.0" encoding="UTF-8"?>
<!-- Generated by org.testng.reporters.JUnitReportReporter -->
<testsuite hostname="DESKTOP-MO9OVGV" failures="0" tests="1" name="come.qa.testcases.FirstTest" time="13.906" errors="0" timestamp="2023-02-02T11:54:07 IST" skipped="0">
  <testcase classname="come.qa.testcases.FirstTest" name="addCourseTest" time="13.906"/>
  <system-out/>
</testsuite> <!-- come.qa.testcases.FirstTest -->
