<?xml version="1.0" encoding="UTF-8"?>
<!-- Generated by org.testng.reporters.JUnitReportReporter -->
<testsuite hostname="DESKTOP-MO9OVGV" failures="0" tests="4" name="come.qa.testcases.FillFormUsingExcel" time="27.647" errors="0" timestamp="2023-02-15T16:06:41 IST" skipped="0">
  <testcase classname="come.qa.testcases.FillFormUsingExcel" name="test1" time="3.890"/>
  <system-out/>
  <testcase classname="come.qa.testcases.FillFormUsingExcel" name="test1" time="3.781"/>
  <system-out/>
  <testcase classname="come.qa.testcases.FillFormUsingExcel" name="test1" time="15.816"/>
  <system-out/>
  <testcase classname="come.qa.testcases.FillFormUsingExcel" name="test1" time="4.160"/>
  <system-out/>
</testsuite> <!-- come.qa.testcases.FillFormUsingExcel -->
