<?xml version="1.0" encoding="UTF-8"?>
<!-- Generated by org.testng.reporters.JUnitReportReporter -->
<testsuite hostname="DESKTOP-MO9OVGV" failures="0" tests="5" name="come.qa.testcases.FirstTest" time="35.244" errors="0" timestamp="2023-02-02T23:50:16 IST" skipped="1">
  <testcase classname="come.qa.testcases.FirstTest" name="verifyTitleContainsTest" time="1.875"/>
  <system-out/>
  <testcase classname="come.qa.testcases.FirstTest" name="verifyUserLandToLoginPageTest" time="10.195"/>
  <system-out/>
  <testcase classname="come.qa.testcases.FirstTest" name="addCourseTest" time="11.561"/>
  <system-out/>
  <testcase classname="come.qa.testcases.FirstTest" name="signOutTest" time="11.613"/>
  <system-out/>
  <testcase classname="come.qa.testcases.FirstTest" name="deleteCourseTest">
    <skipped/>
  </testcase> <!-- deleteCourseTest -->
  <system-out/>
</testsuite> <!-- come.qa.testcases.FirstTest -->
