<?xml version="1.0" encoding="UTF-8"?>
<!-- Generated by org.testng.reporters.JUnitReportReporter -->
<testsuite hostname="DESKTOP-MO9OVGV" failures="0" tests="1" name="come.qa.testcases.ScreenShotTest" time="4.947" errors="0" timestamp="2023-01-21T00:17:15 IST" skipped="0">
  <testcase classname="come.qa.testcases.ScreenShotTest" name="VerifyScreenShotTest" time="4.947"/>
  <system-out/>
</testsuite> <!-- come.qa.testcases.ScreenShotTest -->
