<?xml version="1.0" encoding="UTF-8"?>
<!-- Generated by org.testng.reporters.JUnitReportReporter -->
<testsuite hostname="DESKTOP-MO9OVGV" failures="0" tests="3" name="come.qa.testcases.TaskOne2Test" time="49.966" errors="0" timestamp="18 Dec 2022 16:41:24 GMT" skipped="0">
  <testcase classname="come.qa.testcases.TaskOne2Test" name="verifyEmptyUNvalidationTest" time="12.995"/>
  <testcase classname="come.qa.testcases.TaskOne2Test" name="verifyEmptyPasswordValidationTest" time="22.570"/>
  <testcase classname="come.qa.testcases.TaskOne2Test" name="verifyCSSpropertyTest" time="14.401"/>
</testsuite> <!-- come.qa.testcases.TaskOne2Test -->
