<?xml version="1.0" encoding="UTF-8"?>
<!-- Generated by org.testng.reporters.JUnitReportReporter -->
<testsuite hostname="DESKTOP-MO9OVGV" failures="0" tests="7" name="come.qa.testcases.AssignmentOneTest" time="37.944" errors="0" timestamp="2022-12-25T18:35:23 IST" skipped="0">
  <testcase classname="come.qa.testcases.AssignmentOneTest" name="verifyURLEndsWithTest" time="4.337"/>
  <system-out/>
  <testcase classname="come.qa.testcases.AssignmentOneTest" name="verifyTitleContainsTest" time="4.427"/>
  <system-out/>
  <testcase classname="come.qa.testcases.AssignmentOneTest" name="verifyURLContainsTest" time="6.795"/>
  <system-out/>
  <testcase classname="come.qa.testcases.AssignmentOneTest" name="verifySiteLogoTest" time="6.529"/>
  <system-out/>
  <testcase classname="come.qa.testcases.AssignmentOneTest" name="verifySocialLinksTest" time="5.244"/>
  <system-out/>
  <testcase classname="come.qa.testcases.AssignmentOneTest" name="verifySocialLinksWithMAPTest" time="5.136"/>
  <system-out/>
  <testcase classname="come.qa.testcases.AssignmentOneTest" name="verifyYTlinkExistTest" time="5.476"/>
  <system-out/>
</testsuite> <!-- come.qa.testcases.AssignmentOneTest -->
