<?xml version="1.0" encoding="UTF-8"?>
<!-- Generated by org.testng.reporters.JUnitReportReporter -->
<testsuite hostname="DESKTOP-MO9OVGV" failures="0" tests="1" name="come.qa.testcases.AssignmentOneTest" time="7.266" errors="0" timestamp="2023-01-19T19:24:34 IST" skipped="0">
  <testcase classname="come.qa.testcases.AssignmentOneTest" name="verifySiteLogoTest" time="7.266"/>
  <system-out/>
</testsuite> <!-- come.qa.testcases.AssignmentOneTest -->
