<?xml version="1.0" encoding="UTF-8"?>
<!-- Generated by org.testng.reporters.JUnitReportReporter -->
<testsuite hostname="DESKTOP-MO9OVGV" failures="0" tests="5" name="come.qa.testcases.FirstTest" time="56.121" errors="0" timestamp="2023-02-03T19:43:37 IST" skipped="0">
  <testcase classname="come.qa.testcases.FirstTest" name="verifyTitleContainsTest" time="1.873"/>
  <system-out/>
  <testcase classname="come.qa.testcases.FirstTest" name="verifyUserLandToLoginPageTest" time="7.777"/>
  <system-out/>
  <testcase classname="come.qa.testcases.FirstTest" name="addCourseTest" time="20.951"/>
  <system-out/>
  <testcase classname="come.qa.testcases.FirstTest" name="deleteCourseTest" time="14.416"/>
  <system-out/>
  <testcase classname="come.qa.testcases.FirstTest" name="signOutTest" time="11.104"/>
  <system-out/>
</testsuite> <!-- come.qa.testcases.FirstTest -->
