<?xml version="1.0" encoding="UTF-8"?>
<!-- Generated by org.testng.reporters.JUnitReportReporter -->
<testsuite hostname="DESKTOP-MO9OVGV" failures="0" tests="1" name="come.qa.testcases.ScreenShotTest" time="5.975" errors="0" timestamp="2023-01-19T21:49:37 IST" skipped="0">
  <testcase classname="come.qa.testcases.ScreenShotTest" name="VerifyScreenShotTest" time="5.975"/>
  <system-out/>
</testsuite> <!-- come.qa.testcases.ScreenShotTest -->
