<?xml version="1.0" encoding="UTF-8"?>
<!-- Generated by org.testng.reporters.JUnitReportReporter -->
<testsuite hostname="DESKTOP-MO9OVGV" failures="0" tests="6" name="come.qa.testcases.AssignmentTwoTest" time="48.233" errors="0" timestamp="2022-12-25T19:57:05 IST" skipped="0">
  <testcase classname="come.qa.testcases.AssignmentTwoTest" name="verifyEmptyPasswordValidationTest" time="6.334"/>
  <system-out/>
  <testcase classname="come.qa.testcases.AssignmentTwoTest" name="verifyEmptyUNvalidationTest" time="8.458"/>
  <system-out/>
  <testcase classname="come.qa.testcases.AssignmentTwoTest" name="verifyCSSpropertyTest" time="6.297"/>
  <system-out/>
  <testcase classname="come.qa.testcases.AssignmentTwoTest" name="verifyPasswordValidationTest" time="9.266"/>
  <system-out/>
  <testcase classname="come.qa.testcases.AssignmentTwoTest" name="verifyInvalidAlertTest" time="8.064"/>
  <system-out/>
  <testcase classname="come.qa.testcases.AssignmentTwoTest" name="loginLogoutTest" time="9.814"/>
  <system-out/>
</testsuite> <!-- come.qa.testcases.AssignmentTwoTest -->
