<?xml version="1.0" encoding="UTF-8"?>
<!-- Generated by org.testng.reporters.JUnitReportReporter -->
<testsuite hostname="DESKTOP-MO9OVGV" failures="0" tests="7" name="come.qa.testcases.AssignmentOneTest" time="37.791" errors="0" timestamp="2022-12-24T18:47:37 IST" skipped="0">
  <testcase classname="come.qa.testcases.AssignmentOneTest" name="verifyTitleContainsTest" time="4.287"/>
  <system-out/>
  <testcase classname="come.qa.testcases.AssignmentOneTest" name="verifyURLContainsTest" time="6.363"/>
  <system-out/>
  <testcase classname="come.qa.testcases.AssignmentOneTest" name="verifyURLEndsWithTest" time="6.984"/>
  <system-out/>
  <testcase classname="come.qa.testcases.AssignmentOneTest" name="verifySiteLogoTest" time="5.386"/>
  <system-out/>
  <testcase classname="come.qa.testcases.AssignmentOneTest" name="verifySocialLinksTest" time="4.877"/>
  <system-out/>
  <testcase classname="come.qa.testcases.AssignmentOneTest" name="verifySocialLinksWithMAPTest" time="5.027"/>
  <system-out/>
  <testcase classname="come.qa.testcases.AssignmentOneTest" name="verifyYTlinkExistTest" time="4.867"/>
  <system-out/>
</testsuite> <!-- come.qa.testcases.AssignmentOneTest -->
