<?xml version="1.0" encoding="UTF-8"?>
<!-- Generated by org.testng.reporters.JUnitReportReporter -->
<testsuite hostname="DESKTOP-MO9OVGV" failures="0" tests="5" name="come.qa.testcases.DataProviderSeleniumTest" time="0.047" errors="0" timestamp="2023-02-07T22:10:10 IST" skipped="0">
  <testcase classname="come.qa.testcases.DataProviderSeleniumTest" name="test1" time="0.010"/>
  <system-out/>
  <testcase classname="come.qa.testcases.DataProviderSeleniumTest" name="test1" time="0.010"/>
  <system-out/>
  <testcase classname="come.qa.testcases.DataProviderSeleniumTest" name="test1" time="0.013"/>
  <system-out/>
  <testcase classname="come.qa.testcases.DataProviderSeleniumTest" name="test1" time="0.006"/>
  <system-out/>
  <testcase classname="come.qa.testcases.DataProviderSeleniumTest" name="test1" time="0.008"/>
  <system-out/>
</testsuite> <!-- come.qa.testcases.DataProviderSeleniumTest -->
