<?xml version="1.0" encoding="UTF-8"?>
<!-- Generated by org.testng.reporters.JUnitReportReporter -->
<testsuite hostname="DESKTOP-MO9OVGV" failures="0" tests="2" name="come.qa.testcases.AssignmentThreeTest" time="24.392" errors="0" timestamp="2022-12-25T20:18:14 IST" skipped="0">
  <testcase classname="come.qa.testcases.AssignmentThreeTest" name="clickDifferentTabsTest" time="13.755"/>
  <system-out/>
  <testcase classname="come.qa.testcases.AssignmentThreeTest" name="compareTabListwithActualTest" time="10.637"/>
  <system-out/>
</testsuite> <!-- come.qa.testcases.AssignmentThreeTest -->
