<?xml version="1.0" encoding="UTF-8"?>
<!-- Generated by org.testng.reporters.JUnitReportReporter -->
<testsuite hostname="DESKTOP-MO9OVGV" failures="0" tests="1" name="come.qa.testcases.TaskThreeTest" time="9.627" errors="0" timestamp="18 Dec 2022 14:27:47 GMT" skipped="0">
  <testcase classname="come.qa.testcases.TaskThreeTest" name="verifySocialLinksTest" time="9.627"/>
</testsuite> <!-- come.qa.testcases.TaskThreeTest -->
