<?xml version="1.0" encoding="UTF-8"?>
<!-- Generated by org.testng.reporters.JUnitReportReporter -->
<testsuite hostname="DESKTOP-MO9OVGV" failures="0" tests="1" name="come.qa.testcases.AssignmentFourTest" time="6.021" errors="0" timestamp="21 Dec 2022 14:38:47 GMT" skipped="0">
  <testcase classname="come.qa.testcases.AssignmentFourTest" name="verifyFooterAndClickPageTest" time="6.021"/>
</testsuite> <!-- come.qa.testcases.AssignmentFourTest -->
