<?xml version="1.0" encoding="UTF-8"?>
<!-- Generated by org.testng.reporters.JUnitReportReporter -->
<testsuite hostname="DESKTOP-MO9OVGV" failures="0" tests="6" name="come.qa.testcases.AssignmentTwoTest" time="49.369" errors="0" timestamp="2022-12-25T18:35:23 IST" skipped="0">
  <testcase classname="come.qa.testcases.AssignmentTwoTest" name="verifyCSSpropertyTest" time="6.353"/>
  <system-out/>
  <testcase classname="come.qa.testcases.AssignmentTwoTest" name="verifyEmptyUNvalidationTest" time="6.223"/>
  <system-out/>
  <testcase classname="come.qa.testcases.AssignmentTwoTest" name="verifyEmptyPasswordValidationTest" time="8.075"/>
  <system-out/>
  <testcase classname="come.qa.testcases.AssignmentTwoTest" name="verifyPasswordValidationTest" time="9.728"/>
  <system-out/>
  <testcase classname="come.qa.testcases.AssignmentTwoTest" name="verifyInvalidAlertTest" time="10.197"/>
  <system-out/>
  <testcase classname="come.qa.testcases.AssignmentTwoTest" name="loginLogoutTest" time="8.793"/>
  <system-out/>
</testsuite> <!-- come.qa.testcases.AssignmentTwoTest -->
